<?xml version="1.0" encoding="UTF-8"?>
<testsuite xmlns:xsi="http://www.w3.org/2001/XMLSchema-instance" xsi:noNamespaceSchemaLocation="https://maven.apache.org/surefire/maven-surefire-plugin/xsd/surefire-test-report-3.0.xsd" version="3.0" name="com.userService.journal.UserServiceJournalApplicationTests" time="10.758" tests="1" errors="0" skipped="0" failures="0">
  <properties>
[...]
</properties>
  <testcase name="contextLoads" classname="com.userService.journal.UserServiceJournalApplicationTests" time="0.952">
    <system-out><![CDATA[19:55:08.945 [main] INFO org.springframework.test.context.support.AnnotationConfigContextLoaderUtils -- Could not detect default configuration classes for test class [com.userService.journal.UserServiceJournalApplicationTests]: UserServiceJournalApplicationTests does not declare any static, non-private, non-final, nested classes annotated with @Configuration.
19:55:09.145 [main] INFO org.springframework.boot.test.context.SpringBootTestContextBootstrapper -- Found @SpringBootConfiguration com.userService.journal.UserServiceJournalApplication for test class com.userService.journal.UserServiceJournalApplicationTests
19:55:09.532 [main] INFO org.springframework.boot.devtools.restart.RestartApplicationListener -- Restart disabled due to context in which it is running

  .   ____          _            __ _ _
 /\\ / ___'_ __ _ _(_)_ __  __ _ \ \ \ \
( ( )\___ | '_ | '_| | '_ \/ _` | \ \ \ \
 \\/  ___)| |_)| | | | | || (_| |  ) ) ) )
  '  |____| .__|_| |_|_| |_\__, | / / / /
 =========|_|==============|___/=/_/_/_/
 :: Spring Boot ::                (v3.2.9)

2024-09-12T19:55:10.053+05:30  INFO 18524 --- [UserServiceJournal] [           main] c.u.j.UserServiceJournalApplicationTests : Starting UserServiceJournalApplicationTests using Java 17.0.11 with PID 18524 (started by hp in D:\stsWorkSpace\UserServiceJournal)
2024-09-12T19:55:10.055+05:30  INFO 18524 --- [UserServiceJournal] [           main] c.u.j.UserServiceJournalApplicationTests : No active profile set, falling back to 1 default profile: "default"
2024-09-12T19:55:11.389+05:30  INFO 18524 --- [UserServiceJournal] [           main] .s.d.r.c.RepositoryConfigurationDelegate : Bootstrapping Spring Data JPA repositories in DEFAULT mode.
2024-09-12T19:55:11.516+05:30  INFO 18524 --- [UserServiceJournal] [           main] .s.d.r.c.RepositoryConfigurationDelegate : Finished Spring Data repository scanning in 109 ms. Found 2 JPA repository interfaces.
2024-09-12T19:55:12.579+05:30  INFO 18524 --- [UserServiceJournal] [           main] o.hibernate.jpa.internal.util.LogHelper  : HHH000204: Processing PersistenceUnitInfo [name: default]
2024-09-12T19:55:12.678+05:30  INFO 18524 --- [UserServiceJournal] [           main] org.hibernate.Version                    : HHH000412: Hibernate ORM core version 6.4.10.Final
2024-09-12T19:55:12.773+05:30  INFO 18524 --- [UserServiceJournal] [           main] o.h.c.internal.RegionFactoryInitiator    : HHH000026: Second-level cache disabled
2024-09-12T19:55:13.270+05:30  INFO 18524 --- [UserServiceJournal] [           main] o.s.o.j.p.SpringPersistenceUnitInfo      : No LoadTimeWeaver setup: ignoring JPA class transformer
2024-09-12T19:55:13.332+05:30  INFO 18524 --- [UserServiceJournal] [           main] com.zaxxer.hikari.HikariDataSource       : HikariPool-1 - Starting...
2024-09-12T19:55:13.884+05:30  INFO 18524 --- [UserServiceJournal] [           main] com.zaxxer.hikari.pool.HikariPool        : HikariPool-1 - Added connection com.mysql.cj.jdbc.ConnectionImpl@632c3f55
2024-09-12T19:55:13.888+05:30  INFO 18524 --- [UserServiceJournal] [           main] com.zaxxer.hikari.HikariDataSource       : HikariPool-1 - Start completed.
2024-09-12T19:55:15.819+05:30  INFO 18524 --- [UserServiceJournal] [           main] o.h.e.t.j.p.i.JtaPlatformInitiator       : HHH000489: No JTA platform available (set 'hibernate.transaction.jta.platform' to enable JTA platform integration)
2024-09-12T19:55:16.029+05:30  INFO 18524 --- [UserServiceJournal] [           main] j.LocalContainerEntityManagerFactoryBean : Initialized JPA EntityManagerFactory for persistence unit 'default'
2024-09-12T19:55:16.958+05:30  WARN 18524 --- [UserServiceJournal] [           main] JpaBaseConfiguration$JpaWebConfiguration : spring.jpa.open-in-view is enabled by default. Therefore, database queries may be performed during view rendering. Explicitly configure spring.jpa.open-in-view to disable this warning
2024-09-12T19:55:17.976+05:30  INFO 18524 --- [UserServiceJournal] [           main] o.s.s.web.DefaultSecurityFilterChain     : Will secure any request with [org.springframework.security.web.session.DisableEncodeUrlFilter@e8ce5b1, org.springframework.security.web.context.request.async.WebAsyncManagerIntegrationFilter@301b89e1, org.springframework.security.web.context.SecurityContextHolderFilter@7d41aefd, org.springframework.security.web.header.HeaderWriterFilter@206a465f, org.springframework.security.web.csrf.CsrfFilter@2e53f980, org.springframework.security.web.authentication.logout.LogoutFilter@7b6e196e, org.springframework.security.web.authentication.UsernamePasswordAuthenticationFilter@1b72f9a, org.springframework.security.web.authentication.ui.DefaultLoginPageGeneratingFilter@6f7e5e11, org.springframework.security.web.authentication.ui.DefaultLogoutPageGeneratingFilter@3f3abe67, org.springframework.security.web.authentication.www.BasicAuthenticationFilter@454f6cc5, org.springframework.security.web.savedrequest.RequestCacheAwareFilter@7893b8c, org.springframework.security.web.servletapi.SecurityContextHolderAwareRequestFilter@35ffe3ac, org.springframework.security.web.authentication.AnonymousAuthenticationFilter@64f1e9f8, org.springframework.security.web.access.ExceptionTranslationFilter@6f8281e6, org.springframework.security.web.access.intercept.AuthorizationFilter@43945480]
2024-09-12T19:55:18.182+05:30  INFO 18524 --- [UserServiceJournal] [           main] o.a.k.clients.consumer.ConsumerConfig    : ConsumerConfig values: 
	allow.auto.create.topics = true
	auto.commit.interval.ms = 5000
	auto.include.jmx.reporter = true
	auto.offset.reset = earliest
	bootstrap.servers = [localhost:9092]
	check.crcs = true
	client.dns.lookup = use_all_dns_ips
	client.id = consumer-user-events-group-1
	client.rack = 
	connections.max.idle.ms = 540000
	default.api.timeout.ms = 60000
	enable.auto.commit = false
	exclude.internal.topics = true
	fetch.max.bytes = 52428800
	fetch.max.wait.ms = 500
	fetch.min.bytes = 1
	group.id = user-events-group
	group.instance.id = null
	heartbeat.interval.ms = 3000
	interceptor.classes = []
	internal.leave.group.on.close = true
	internal.throw.on.fetch.stable.offset.unsupported = false
	isolation.level = read_uncommitted
	key.deserializer = class org.apache.kafka.common.serialization.StringDeserializer
	max.partition.fetch.bytes = 1048576
	max.poll.interval.ms = 300000
	max.poll.records = 500
	metadata.max.age.ms = 300000
	metric.reporters = []
	metrics.num.samples = 2
	metrics.recording.level = INFO
	metrics.sample.window.ms = 30000
	partition.assignment.strategy = [class org.apache.kafka.clients.consumer.RangeAssignor, class org.apache.kafka.clients.consumer.CooperativeStickyAssignor]
	receive.buffer.bytes = 65536
	reconnect.backoff.max.ms = 1000
	reconnect.backoff.ms = 50
	request.timeout.ms = 30000
	retry.backoff.ms = 100
	sasl.client.callback.handler.class = null
	sasl.jaas.config = null
	sasl.kerberos.kinit.cmd = /usr/bin/kinit
	sasl.kerberos.min.time.before.relogin = 60000
	sasl.kerberos.service.name = null
	sasl.kerberos.ticket.renew.jitter = 0.05
	sasl.kerberos.ticket.renew.window.factor = 0.8
	sasl.login.callback.handler.class = null
	sasl.login.class = null
	sasl.login.connect.timeout.ms = null
	sasl.login.read.timeout.ms = null
	sasl.login.refresh.buffer.seconds = 300
	sasl.login.refresh.min.period.seconds = 60
	sasl.login.refresh.window.factor = 0.8
	sasl.login.refresh.window.jitter = 0.05
	sasl.login.retry.backoff.max.ms = 10000
	sasl.login.retry.backoff.ms = 100
	sasl.mechanism = GSSAPI
	sasl.oauthbearer.clock.skew.seconds = 30
	sasl.oauthbearer.expected.audience = null
	sasl.oauthbearer.expected.issuer = null
	sasl.oauthbearer.jwks.endpoint.refresh.ms = 3600000
	sasl.oauthbearer.jwks.endpoint.retry.backoff.max.ms = 10000
	sasl.oauthbearer.jwks.endpoint.retry.backoff.ms = 100
	sasl.oauthbearer.jwks.endpoint.url = null
	sasl.oauthbearer.scope.claim.name = scope
	sasl.oauthbearer.sub.claim.name = sub
	sasl.oauthbearer.token.endpoint.url = null
	security.protocol = PLAINTEXT
	security.providers = null
	send.buffer.bytes = 131072
	session.timeout.ms = 45000
	socket.connection.setup.timeout.max.ms = 30000
	socket.connection.setup.timeout.ms = 10000
	ssl.cipher.suites = null
	ssl.enabled.protocols = [TLSv1.2, TLSv1.3]
	ssl.endpoint.identification.algorithm = https
	ssl.engine.factory.class = null
	ssl.key.password = null
	ssl.keymanager.algorithm = SunX509
	ssl.keystore.certificate.chain = null
	ssl.keystore.key = null
	ssl.keystore.location = null
	ssl.keystore.password = null
	ssl.keystore.type = JKS
	ssl.protocol = TLSv1.3
	ssl.provider = null
	ssl.secure.random.implementation = null
	ssl.trustmanager.algorithm = PKIX
	ssl.truststore.certificates = null
	ssl.truststore.location = null
	ssl.truststore.password = null
	ssl.truststore.type = JKS
	value.deserializer = class org.apache.kafka.common.serialization.StringDeserializer

2024-09-12T19:55:18.457+05:30  INFO 18524 --- [UserServiceJournal] [           main] o.a.kafka.common.utils.AppInfoParser     : Kafka version: 3.6.2
2024-09-12T19:55:18.458+05:30  INFO 18524 --- [UserServiceJournal] [           main] o.a.kafka.common.utils.AppInfoParser     : Kafka commitId: c4deed513057c94e
2024-09-12T19:55:18.458+05:30  INFO 18524 --- [UserServiceJournal] [           main] o.a.kafka.common.utils.AppInfoParser     : Kafka startTimeMs: 1726151118454
2024-09-12T19:55:18.469+05:30  INFO 18524 --- [UserServiceJournal] [           main] fkaConsumerFactory$ExtendedKafkaConsumer : [Consumer clientId=consumer-user-events-group-1, groupId=user-events-group] Subscribed to topic(s): user-events
2024-09-12T19:55:18.502+05:30  INFO 18524 --- [UserServiceJournal] [           main] c.u.j.UserServiceJournalApplicationTests : Started UserServiceJournalApplicationTests in 9.01 seconds (process running for 11.046)
2024-09-12T19:55:19.235+05:30  INFO 18524 --- [UserServiceJournal] [ntainer#0-0-C-1] org.apache.kafka.clients.Metadata        : [Consumer clientId=consumer-user-events-group-1, groupId=user-events-group] Cluster ID: s3DaAbb_QXiSw20O8V4t-A
2024-09-12T19:55:19.239+05:30  INFO 18524 --- [UserServiceJournal] [ntainer#0-0-C-1] o.a.k.c.c.internals.ConsumerCoordinator  : [Consumer clientId=consumer-user-events-group-1, groupId=user-events-group] Discovered group coordinator DESKTOP-ECIK50F:9092 (id: 2147483647 rack: null)
2024-09-12T19:55:19.243+05:30  INFO 18524 --- [UserServiceJournal] [ntainer#0-0-C-1] o.a.k.c.c.internals.ConsumerCoordinator  : [Consumer clientId=consumer-user-events-group-1, groupId=user-events-group] (Re-)joining group
2024-09-12T19:55:19.270+05:30  INFO 18524 --- [UserServiceJournal] [ntainer#0-0-C-1] o.a.k.c.c.internals.ConsumerCoordinator  : [Consumer clientId=consumer-user-events-group-1, groupId=user-events-group] Request joining group due to: need to re-join with the given member-id: consumer-user-events-group-1-35e145aa-d50a-4d9e-951f-b3d594e58967
2024-09-12T19:55:19.272+05:30  INFO 18524 --- [UserServiceJournal] [ntainer#0-0-C-1] o.a.k.c.c.internals.ConsumerCoordinator  : [Consumer clientId=consumer-user-events-group-1, groupId=user-events-group] Request joining group due to: rebalance failed due to 'The group member needs to have a valid member id before actually entering a consumer group.' (MemberIdRequiredException)
2024-09-12T19:55:19.272+05:30  INFO 18524 --- [UserServiceJournal] [ntainer#0-0-C-1] o.a.k.c.c.internals.ConsumerCoordinator  : [Consumer clientId=consumer-user-events-group-1, groupId=user-events-group] (Re-)joining group
2024-09-12T19:55:19.277+05:30  INFO 18524 --- [UserServiceJournal] [ntainer#0-0-C-1] o.a.k.c.c.internals.ConsumerCoordinator  : [Consumer clientId=consumer-user-events-group-1, groupId=user-events-group] Successfully joined group with generation Generation{generationId=33, memberId='consumer-user-events-group-1-35e145aa-d50a-4d9e-951f-b3d594e58967', protocol='range'}
2024-09-12T19:55:19.292+05:30  INFO 18524 --- [UserServiceJournal] [ntainer#0-0-C-1] o.a.k.c.c.internals.ConsumerCoordinator  : [Consumer clientId=consumer-user-events-group-1, groupId=user-events-group] Finished assignment for group at generation 33: {consumer-user-events-group-1-35e145aa-d50a-4d9e-951f-b3d594e58967=Assignment(partitions=[user-events-0])}
2024-09-12T19:55:19.301+05:30  INFO 18524 --- [UserServiceJournal] [ntainer#0-0-C-1] o.a.k.c.c.internals.ConsumerCoordinator  : [Consumer clientId=consumer-user-events-group-1, groupId=user-events-group] Successfully synced group in generation Generation{generationId=33, memberId='consumer-user-events-group-1-35e145aa-d50a-4d9e-951f-b3d594e58967', protocol='range'}
2024-09-12T19:55:19.303+05:30  INFO 18524 --- [UserServiceJournal] [ntainer#0-0-C-1] o.a.k.c.c.internals.ConsumerCoordinator  : [Consumer clientId=consumer-user-events-group-1, groupId=user-events-group] Notifying assignor about the new Assignment(partitions=[user-events-0])
2024-09-12T19:55:19.308+05:30  INFO 18524 --- [UserServiceJournal] [ntainer#0-0-C-1] o.a.k.c.c.internals.ConsumerCoordinator  : [Consumer clientId=consumer-user-events-group-1, groupId=user-events-group] Adding newly assigned partitions: user-events-0
2024-09-12T19:55:19.333+05:30  INFO 18524 --- [UserServiceJournal] [ntainer#0-0-C-1] o.a.k.c.c.internals.ConsumerCoordinator  : [Consumer clientId=consumer-user-events-group-1, groupId=user-events-group] Setting offset for partition user-events-0 to the committed offset FetchPosition{offset=17, offsetEpoch=Optional.empty, currentLeader=LeaderAndEpoch{leader=Optional[DESKTOP-ECIK50F:9092 (id: 0 rack: null)], epoch=0}}
2024-09-12T19:55:19.336+05:30  INFO 18524 --- [UserServiceJournal] [ntainer#0-0-C-1] o.s.k.l.KafkaMessageListenerContainer    : user-events-group: partitions assigned: [user-events-0]
]]></system-out>
  </testcase>
</testsuite>